<?xml version="1.0" encoding="UTF-8"?>
<robot generator="Robot 4.1 (Python 3.7.5 on win32)" generated="20210810 15:28:31.829" rpa="true" schemaversion="2">
<suite id="s1" name="Tasks" source="c:\Users\hguimaraes\Documents\Robocorp\rsb-robot-order\tasks.robot">
<test id="s1-t1" name="Order robots from RobotSpareBin Industries Inc">
<kw name="Open the robot order website">
<kw name="Open Browser" library="RPA.Browser.Selenium">
<arg>url=https://robotsparebinindustries.com/#/robot-order</arg>
<doc>Opens a new browser instance to the optional ``url``.</doc>
<msg timestamp="20210810 15:28:35.536" level="INFO">Opening browser 'firefox' to base url 'https://robotsparebinindustries.com/#/robot-order'.</msg>
<msg timestamp="20210810 15:28:35.559" level="INFO">Firefox driver log is always forced to to: c:\Users\hguimaraes\Documents\Robocorp\rsb-robot-order\geckodriver-1.log</msg>
<kw name="Capture Page Screenshot" library="RPA.Browser.Selenium">
<doc>Takes a screenshot of the current page and embeds it into a log file.</doc>
<msg timestamp="20210810 15:28:35.625" level="INFO">Cannot capture screenshot because no browser is open.</msg>
<status status="PASS" starttime="20210810 15:28:35.608" endtime="20210810 15:28:35.629"/>
</kw>
<msg timestamp="20210810 15:28:35.801" level="FAIL">WebDriverException: Message: 'geckodriver' executable needs to be in PATH. 
</msg>
<status status="FAIL" starttime="20210810 15:28:35.529" endtime="20210810 15:28:35.802"/>
</kw>
<status status="FAIL" starttime="20210810 15:28:35.521" endtime="20210810 15:28:35.821"/>
</kw>
<status status="FAIL" starttime="20210810 15:28:35.505" endtime="20210810 15:28:35.830">WebDriverException: Message: 'geckodriver' executable needs to be in PATH. 
</status>
</test>
<doc>Orders robots from RobotSpareBin Industries Inc.
Saves the order HTML receipt as a PDF file.
Saves the screenshot of the ordered robot.
Embeds the screenshot of the robot to the PDF receipt.
Creates ZIP archive of the receipts and the images.</doc>
<status status="FAIL" starttime="20210810 15:28:31.857" endtime="20210810 15:28:35.842"/>
</suite>
<statistics>
<total>
<stat pass="0" fail="1" skip="0">All Tasks</stat>
</total>
<tag>
</tag>
<suite>
<stat pass="0" fail="1" skip="0" id="s1" name="Tasks">Tasks</stat>
</suite>
</statistics>
<errors>
</errors>
</robot>
